0 info it worked if it ends with ok
1 verbose cli [ '/usr/local/bin/node',
1 verbose cli   '/usr/local/bin/npm',
1 verbose cli   'install',
1 verbose cli   'recess',
1 verbose cli   '-g' ]
2 info using npm@1.4.28
3 info using node@v0.10.34
4 verbose cache add [ 'recess', null ]
5 verbose cache add name=undefined spec="recess" args=["recess",null]
6 verbose parsed url { protocol: null,
6 verbose parsed url   slashes: null,
6 verbose parsed url   auth: null,
6 verbose parsed url   host: null,
6 verbose parsed url   port: null,
6 verbose parsed url   hostname: null,
6 verbose parsed url   hash: null,
6 verbose parsed url   search: null,
6 verbose parsed url   query: null,
6 verbose parsed url   pathname: 'recess',
6 verbose parsed url   path: 'recess',
6 verbose parsed url   href: 'recess' }
7 silly lockFile d0d1f171-recess recess
8 verbose lock recess /home/mint/.npm/d0d1f171-recess.lock
9 silly lockFile d0d1f171-recess recess
10 silly lockFile d0d1f171-recess recess
11 verbose addNamed [ 'recess', '' ]
12 verbose addNamed [ null, '*' ]
13 silly lockFile e131134d-recess recess@
14 verbose lock recess@ /home/mint/.npm/e131134d-recess.lock
15 silly addNameRange { name: 'recess', range: '*', hasData: false }
16 verbose request where is /recess
17 verbose request registry https://registry.npmjs.org/
18 verbose request id 970988399ba97a6c
19 verbose url raw /recess
20 verbose url resolving [ 'https://registry.npmjs.org/', './recess' ]
21 verbose url resolved https://registry.npmjs.org/recess
22 verbose request where is https://registry.npmjs.org/recess
23 info trying registry request attempt 1 at 11:57:02
24 http GET https://registry.npmjs.org/recess
25 http 200 https://registry.npmjs.org/recess
26 silly registry.get cb [ 200,
26 silly registry.get   { date: 'Thu, 12 Feb 2015 09:57:04 GMT',
26 silly registry.get     server: 'CouchDB/1.5.0 (Erlang OTP/R16B03)',
26 silly registry.get     etag: '"2GUDSQIVRN27BP9JNH4UW5CV5"',
26 silly registry.get     'content-type': 'application/json',
26 silly registry.get     'cache-control': 'max-age=60',
26 silly registry.get     'content-length': '43339',
26 silly registry.get     'accept-ranges': 'bytes',
26 silly registry.get     via: '1.1 varnish',
26 silly registry.get     age: '0',
26 silly registry.get     'x-served-by': 'cache-lcy1130-LCY',
26 silly registry.get     'x-cache': 'HIT',
26 silly registry.get     'x-cache-hits': '1',
26 silly registry.get     'x-timer': 'S1423735023.973572,VS0,VE86',
26 silly registry.get     vary: 'Accept',
26 silly registry.get     'keep-alive': 'timeout=10, max=50',
26 silly registry.get     connection: 'Keep-Alive' } ]
27 silly addNameRange number 2 { name: 'recess', range: '*', hasData: true }
28 silly addNameRange versions [ 'recess',
28 silly addNameRange   [ '0.1.0',
28 silly addNameRange     '1.0.0',
28 silly addNameRange     '1.0.1',
28 silly addNameRange     '1.0.2',
28 silly addNameRange     '1.0.3',
28 silly addNameRange     '1.0.4',
28 silly addNameRange     '1.1.0',
28 silly addNameRange     '1.1.1',
28 silly addNameRange     '1.1.3',
28 silly addNameRange     '1.1.4',
28 silly addNameRange     '1.1.5',
28 silly addNameRange     '1.1.6',
28 silly addNameRange     '1.1.7',
28 silly addNameRange     '1.1.8',
28 silly addNameRange     '1.1.9' ] ]
29 verbose addNamed [ 'recess', '1.1.9' ]
30 verbose addNamed [ '1.1.9', '1.1.9' ]
31 silly lockFile 21009289-recess-1-1-9 recess@1.1.9
32 verbose lock recess@1.1.9 /home/mint/.npm/21009289-recess-1-1-9.lock
33 silly lockFile 8f8cecd7-pmjs-org-recess-recess-1-1-9-tgz https://registry.npmjs.org/recess/-/recess-1.1.9.tgz
34 verbose lock https://registry.npmjs.org/recess/-/recess-1.1.9.tgz /home/mint/.npm/8f8cecd7-pmjs-org-recess-recess-1-1-9-tgz.lock
35 verbose addRemoteTarball [ 'https://registry.npmjs.org/recess/-/recess-1.1.9.tgz',
35 verbose addRemoteTarball   '831c551f45df87d484c6123ffde91030bef1581a' ]
36 info retry fetch attempt 1 at 11:57:04
37 verbose fetch to= /tmp/npm-26995-cACJt9uh/registry.npmjs.org/recess/-/recess-1.1.9.tgz
38 http GET https://registry.npmjs.org/recess/-/recess-1.1.9.tgz
39 http 200 https://registry.npmjs.org/recess/-/recess-1.1.9.tgz
40 silly lockFile 8f8cecd7-pmjs-org-recess-recess-1-1-9-tgz https://registry.npmjs.org/recess/-/recess-1.1.9.tgz
41 silly lockFile 8f8cecd7-pmjs-org-recess-recess-1-1-9-tgz https://registry.npmjs.org/recess/-/recess-1.1.9.tgz
42 silly lockFile 21009289-recess-1-1-9 recess@1.1.9
43 silly lockFile 21009289-recess-1-1-9 recess@1.1.9
44 silly lockFile e131134d-recess recess@
45 silly lockFile e131134d-recess recess@
46 silly resolved [ { name: 'recess',
46 silly resolved     description: 'A simple, attractive code quality tool for CSS built on top of LESS',
46 silly resolved     version: '1.1.9',
46 silly resolved     author:
46 silly resolved      { name: 'Jacob Thornton',
46 silly resolved        email: 'jacob@twitter.com',
46 silly resolved        url: 'https://github.com/fat' },
46 silly resolved     repository: { type: 'git', url: 'git://github.com/twitter/recess.git' },
46 silly resolved     keywords: [ 'css', 'lint' ],
46 silly resolved     licenses: [ [Object] ],
46 silly resolved     main: './lib',
46 silly resolved     homepage: 'http://twitter.github.com/recess',
46 silly resolved     engines: { node: '>= 0.4.0' },
46 silly resolved     dependencies:
46 silly resolved      { colors: '>= 0.3.0',
46 silly resolved        nopt: '>= 1.0.10',
46 silly resolved        underscore: '>= 1.2.1',
46 silly resolved        watch: '>= 0.5.1',
46 silly resolved        less: '~1.3.0' },
46 silly resolved     directories: { bin: './bin' },
46 silly resolved     scripts: { test: 'node test' },
46 silly resolved     bin: { recess: './bin/recess' },
46 silly resolved     preferGlobal: true,
46 silly resolved     readme: 'RECESS [![Build Status](https://secure.travis-ci.org/twitter/recess.png)](http://travis-ci.org/twitter/recess)\n======\n\nDeveloped at Twitter to support our internal styleguide, RECESS is a simple, attractive code quality tool for CSS built on top of LESS.\n\nIncorporate it into your development process as a linter, or integrate it directly into your build system as a compiler, RECESS will keep your source looking clean and super manageable.\n\n\nGENERAL USE\n-----------\n\n```CLI\n$ recess [path] [options]\n```\n\nOPTIONS\n-------\n\n- --compile - compiles your code and outputs it to the terminal. Fixes white space and sort order. Can compile css or less.\n- --compress - compress your compiled code.\n- --config - accepts a path, which specifies a json config object\n- --format <format> - control the output format of errors:\n  - --format text - the default format, shows errors and context\n  - --format compact - show errors one-error-per-line, useful for IDE integration\n- --noSummary - don\'t output the summary block for each file\n- --includePath - accepts an additional directory path to look for `@import`:ed LESS files in.\n- --stripColors - removes color from output (useful when logging)\n- --watch - watch filesystem for changes, useful when compiling Less projects\n- --noIDs - doesn\'t complain about using IDs in your stylesheets\n- --noJSPrefix - doesn\'t complain about styling `.js-` prefixed classnames\n- --noOverqualifying - doesn\'t complain about overqualified selectors (ie: `div#foo.bar`)\n- --noUnderscores - doesn\'t complain about using underscores in your class names\n- --noUniversalSelectors - doesn\'t complain about using the universal `*` selector\n- --prefixWhitespace - adds whitespace prefix to line up vender prefixed properties\n- --strictPropertyOrder - doesn\'t looking into your property ordering\n- --zeroUnits - doesn\'t complain if you add units to values of 0\n\n\nEXAMPLES\n--------\n\nLint all css files\n\n```CLI\n$ recess *.css\n```\n\nLint file, ignore styling of IDs\n\n```CLI\n$ recess ./bootstrap.css --noIds false\n```\n\nLint file with compact output and no color\n\n```CLI\n$ recess ./bootstrap.css --format compact --stripColors\n```\n\nCompile and compress .less file, then output it to a new file\n\n```CLI\n$ recess ./bootstrap.less --compress > ./bootstrap-production.css\n```\n\nWatch a directory for changes and auto compile a css file from the changes. *experimental*\n\n```CLI\n$ recess input.less:ouput.css --watch watch/this/dir/for/changes\n```\n\nWatch a single file for changes and auto compile a css file from the changes. *experimental*\n\n```CLI\n$ recess input.less:ouput.css --watch\n```\n\nPROGRAMMATIC API\n----------------\n\nRecess provides a pretty simple programmatic api.\n\n```JS\nvar recess = require(\'recess\')\n```\n\nOnce you\'ve required recess, just pass it a `path` (or array of paths) and an optional `options` object and an optional `callback`:\n\n```js\nrecess([\'../fat.css\', \'../twitter.css\'], { compile: true }, callback)\n```\n\nThe following options (and defaults) are available in the programatic api:\n\n- compile: false\n- compress: false\n- includePath: []\n- noIDs: true\n- noJSPrefix: true\n- noOverqualifying: true\n- noUnderscores: true\n- noUniversalSelectors: true\n- prefixWhitespace: true\n- strictPropertyOrder: true\n- stripColors: false\n- zeroUnits: true\n\nThe callback is fired when each instance has finished processessing an input. The callback is passed an array of of instances (one for each path). The instances have a bunch of useful things on them like the raw data and an array of output strings.\n\nWhen compiling, access the compiled source through the output property:\n\n```js\nvar recess = require(\'recess\')\n\nrecess(\'./js/fat.css\', { compile: true }, function (err, obj) {\n  if (err) throw err\n  console.log(\n  \tobj // recess instance for fat.css\n  , obj.output // array of loggable content\n  , obj.errors // array of failed lint rules\n  )\n})\n```\n\nINSTALLATION\n------------\n\nTo install recess you need both node and npm installed.\n\n```CLI\n$ npm install recess -g\n```\n\nAUTHORS\n------------\n\n+ **Jacob Thornton**: https://twitter.com/fat\n\nLICENSE\n------------\n\nCopyright 2012 Twitter, Inc.\n\nLicensed under the Apache License, Version 2.0: http://www.apache.org/licenses/LICENSE-2.0',
46 silly resolved     readmeFilename: 'README.md',
46 silly resolved     bugs: { url: 'https://github.com/twitter/recess/issues' },
46 silly resolved     _id: 'recess@1.1.9',
46 silly resolved     dist:
46 silly resolved      { shasum: '831c551f45df87d484c6123ffde91030bef1581a',
46 silly resolved        tarball: 'http://registry.npmjs.org/recess/-/recess-1.1.9.tgz' },
46 silly resolved     _from: 'recess@',
46 silly resolved     _npmVersion: '1.2.25',
46 silly resolved     _npmUser: { name: 'jonschlinkert', email: 'github@sellside.com' },
46 silly resolved     maintainers: [ [Object], [Object] ],
46 silly resolved     _shasum: '831c551f45df87d484c6123ffde91030bef1581a',
46 silly resolved     _resolved: 'https://registry.npmjs.org/recess/-/recess-1.1.9.tgz' } ]
47 info install recess@1.1.9 into /usr/local/lib
48 info installOne recess@1.1.9
49 verbose lib/node_modules/recess unbuild
50 verbose tar unpack /home/mint/.npm/recess/1.1.9/package.tgz
51 silly lockFile 7a88eaac-sr-local-lib-node-modules-recess tar:///usr/local/lib/node_modules/recess
52 verbose lock tar:///usr/local/lib/node_modules/recess /home/mint/.npm/7a88eaac-sr-local-lib-node-modules-recess.lock
53 silly lockFile 6026c3a5-int-npm-recess-1-1-9-package-tgz tar:///home/mint/.npm/recess/1.1.9/package.tgz
54 verbose lock tar:///home/mint/.npm/recess/1.1.9/package.tgz /home/mint/.npm/6026c3a5-int-npm-recess-1-1-9-package-tgz.lock
55 silly gunzTarPerm modes [ '755', '644' ]
56 error Error: EACCES, mkdir '/usr/local/lib/node_modules/recess'
56 error  { [Error: EACCES, mkdir '/usr/local/lib/node_modules/recess']
56 error   errno: 3,
56 error   code: 'EACCES',
56 error   path: '/usr/local/lib/node_modules/recess',
56 error   fstream_type: 'Directory',
56 error   fstream_path: '/usr/local/lib/node_modules/recess',
56 error   fstream_class: 'DirWriter',
56 error   fstream_stack:
56 error    [ '/usr/local/lib/node_modules/npm/node_modules/fstream/lib/dir-writer.js:36:23',
56 error      '/usr/local/lib/node_modules/npm/node_modules/mkdirp/index.js:46:53',
56 error      'Object.oncomplete (fs.js:108:15)' ] }
57 error Please try running this command again as root/Administrator.
58 error System Linux 3.13.0-24-generic
59 error command "/usr/local/bin/node" "/usr/local/bin/npm" "install" "recess" "-g"
60 error cwd /home/mint/Dropbox/github/valentines-3/css
61 error node -v v0.10.34
62 error npm -v 1.4.28
63 error path /usr/local/lib/node_modules/recess
64 error fstream_path /usr/local/lib/node_modules/recess
65 error fstream_type Directory
66 error fstream_class DirWriter
67 error code EACCES
68 error errno 3
69 error stack Error: EACCES, mkdir '/usr/local/lib/node_modules/recess'
70 error fstream_stack /usr/local/lib/node_modules/npm/node_modules/fstream/lib/dir-writer.js:36:23
70 error fstream_stack /usr/local/lib/node_modules/npm/node_modules/mkdirp/index.js:46:53
70 error fstream_stack Object.oncomplete (fs.js:108:15)
71 verbose exit [ 3, true ]
